<?xml version="1.0" encoding="UTF-8"?>
<!-- Generated by org.testng.reporters.JUnitXMLReporter -->
<testsuite ignored="0" hostname="WKWIN5154091" failures="0" tests="4" name="Default test" time="7.811" errors="0" timestamp="2019-10-06T15:32:34 IST">
  <testcase classname="com.qa.test.PostRestFulBooker" name="createTokenJsonFile" time="3.247"/>
  <testcase classname="com.qa.test.PostRestFulBooker" name="createTokenJsonObj" time="1.423"/>
  <testcase classname="com.qa.test.PostRestFulBooker" name="createTokenSerialization" time="1.723"/>
  <testcase classname="com.qa.test.PostRestFulBooker" name="createTokenWithoutSerialization" time="1.361"/>
</testsuite> <!-- Default test -->
